# JRE version: Java(TM) SE Runtime Environment (21.0.8+12) (build 21.0.8+12-LTS-250)
# Java VM: Java HotSpot(TM) 64-Bit Server VM (21.0.8+12-LTS-250, mixed mode, sharing, tiered, compressed oops, compressed class ptrs, g1 gc, windows-amd64)
GC Precious Log:
 CardTable entry size: 512
 Card Set container configuration: InlinePtr #cards 4 size 8 Array Of Cards #cards 16 size 48 Howl #buckets 8 coarsen threshold 3686 Howl Bitmap #cards 512 size 80 coarsen threshold 460 Card regions per heap region 1 cards per card region 4096
 CPUs: 8 total, 8 available
 Memory: 15781M
 Large Page Support: Disabled
 NUMA Support: Disabled
 Compressed Oops: Enabled (Zero based)
 Heap Region Size: 2M
 Heap Min Capacity: 8M
 Heap Initial Capacity: 248M
 Heap Max Capacity: 3946M
 Pre-touch: Disabled
 Parallel Workers: 8
 Concurrent Workers: 2
 Concurrent Refinement Workers: 8
 Periodic GC: Disabled
Heap:
 garbage-first heap   total 69632K, used 51671K [0x0000000709600000, 0x0000000800000000)
  region size 2048K, 11 young (22528K), 2 survivors (4096K)
 Metaspace       used 65515K, committed 66240K, reserved 1114112K
  class space    used 8742K, committed 9088K, reserved 1048576K
GC Heap History (20 events):
Event: 12.700 GC heap before
{Heap before GC invocations=5 (full 0):
 garbage-first heap   total 69632K, used 47593K [0x0000000709600000, 0x0000000800000000)
  region size 2048K, 16 young (32768K), 2 survivors (4096K)
 Metaspace       used 27501K, committed 27840K, reserved 1114112K
  class space    used 3476K, committed 3648K, reserved 1048576K
}
Event: 12.714 GC heap after
{Heap after GC invocations=6 (full 0):
 garbage-first heap   total 69632K, used 20474K [0x0000000709600000, 0x0000000800000000)
  region size 2048K, 1 young (2048K), 1 survivors (2048K)
 Metaspace       used 27501K, committed 27840K, reserved 1114112K
  class space    used 3476K, committed 3648K, reserved 1048576K
}
Event: 14.856 GC heap before
{Heap before GC invocations=6 (full 0):
 garbage-first heap   total 69632K, used 53242K [0x0000000709600000, 0x0000000800000000)
  region size 2048K, 17 young (34816K), 1 survivors (2048K)
 Metaspace       used 33554K, committed 34048K, reserved 1114112K
  class space    used 4220K, committed 4480K, reserved 1048576K
}
Event: 14.869 GC heap after
{Heap after GC invocations=7 (full 0):
 garbage-first heap   total 69632K, used 23386K [0x0000000709600000, 0x0000000800000000)
  region size 2048K, 3 young (6144K), 3 survivors (6144K)
 Metaspace       used 33554K, committed 34048K, reserved 1114112K
  class space    used 4220K, committed 4480K, reserved 1048576K
}
Event: 15.738 GC heap before
{Heap before GC invocations=7 (full 0):
 garbage-first heap   total 69632K, used 45914K [0x0000000709600000, 0x0000000800000000)
  region size 2048K, 15 young (30720K), 3 survivors (6144K)
 Metaspace       used 35477K, committed 35968K, reserved 1114112K
  class space    used 4477K, committed 4736K, reserved 1048576K
}
Event: 15.755 GC heap after
{Heap after GC invocations=8 (full 0):
 garbage-first heap   total 69632K, used 24948K [0x0000000709600000, 0x0000000800000000)
  region size 2048K, 3 young (6144K), 3 survivors (6144K)
 Metaspace       used 35477K, committed 35968K, reserved 1114112K
  class space    used 4477K, committed 4736K, reserved 1048576K
}
Event: 17.783 GC heap before
{Heap before GC invocations=9 (full 0):
 garbage-first heap   total 69632K, used 53620K [0x0000000709600000, 0x0000000800000000)
  region size 2048K, 18 young (36864K), 3 survivors (6144K)
 Metaspace       used 39946K, committed 40448K, reserved 1114112K
  class space    used 5021K, committed 5248K, reserved 1048576K
}
Event: 17.807 GC heap after
{Heap after GC invocations=10 (full 0):
 garbage-first heap   total 69632K, used 28477K [0x0000000709600000, 0x0000000800000000)
  region size 2048K, 3 young (6144K), 3 survivors (6144K)
 Metaspace       used 39946K, committed 40448K, reserved 1114112K
  class space    used 5021K, committed 5248K, reserved 1048576K
}
Event: 19.103 GC heap before
{Heap before GC invocations=10 (full 0):
 garbage-first heap   total 69632K, used 55101K [0x0000000709600000, 0x0000000800000000)
  region size 2048K, 16 young (32768K), 3 survivors (6144K)
 Metaspace       used 41284K, committed 41856K, reserved 1114112K
  class space    used 5224K, committed 5504K, reserved 1048576K
}
Event: 19.127 GC heap after
{Heap after GC invocations=11 (full 0):
 garbage-first heap   total 69632K, used 29646K [0x0000000709600000, 0x0000000800000000)
  region size 2048K, 1 young (2048K), 1 survivors (2048K)
 Metaspace       used 41284K, committed 41856K, reserved 1114112K
  class space    used 5224K, committed 5504K, reserved 1048576K
}
Event: 20.552 GC heap before
{Heap before GC invocations=11 (full 0):
 garbage-first heap   total 69632K, used 58318K [0x0000000709600000, 0x0000000800000000)
  region size 2048K, 15 young (30720K), 1 survivors (2048K)
 Metaspace       used 44719K, committed 45312K, reserved 1114112K
  class space    used 5680K, committed 5952K, reserved 1048576K
}
Event: 20.556 GC heap after
{Heap after GC invocations=12 (full 0):
 garbage-first heap   total 69632K, used 30971K [0x0000000709600000, 0x0000000800000000)
  region size 2048K, 2 young (4096K), 2 survivors (4096K)
 Metaspace       used 44719K, committed 45312K, reserved 1114112K
  class space    used 5680K, committed 5952K, reserved 1048576K
}
Event: 23.043 GC heap before
{Heap before GC invocations=12 (full 0):
 garbage-first heap   total 69632K, used 57595K [0x0000000709600000, 0x0000000800000000)
  region size 2048K, 15 young (30720K), 2 survivors (4096K)
 Metaspace       used 52392K, committed 53056K, reserved 1114112K
  class space    used 6760K, committed 7040K, reserved 1048576K
}
Event: 23.048 GC heap after
{Heap after GC invocations=13 (full 0):
 garbage-first heap   total 69632K, used 32793K [0x0000000709600000, 0x0000000800000000)
  region size 2048K, 2 young (4096K), 2 survivors (4096K)
 Metaspace       used 52392K, committed 53056K, reserved 1114112K
  class space    used 6760K, committed 7040K, reserved 1048576K
}
Event: 24.604 GC heap before
{Heap before GC invocations=13 (full 0):
 garbage-first heap   total 69632K, used 57369K [0x0000000709600000, 0x0000000800000000)
  region size 2048K, 14 young (28672K), 2 survivors (4096K)
 Metaspace       used 58987K, committed 59584K, reserved 1114112K
  class space    used 7706K, committed 7936K, reserved 1048576K
}
Event: 24.609 GC heap after
{Heap after GC invocations=14 (full 0):
 garbage-first heap   total 69632K, used 34094K [0x0000000709600000, 0x0000000800000000)
  region size 2048K, 2 young (4096K), 2 survivors (4096K)
 Metaspace       used 58987K, committed 59584K, reserved 1114112K
  class space    used 7706K, committed 7936K, reserved 1048576K
}
Event: 24.738 GC heap before
{Heap before GC invocations=14 (full 0):
 garbage-first heap   total 69632K, used 34094K [0x0000000709600000, 0x0000000800000000)
  region size 2048K, 3 young (6144K), 2 survivors (4096K)
 Metaspace       used 59670K, committed 60288K, reserved 1114112K
  class space    used 7760K, committed 8000K, reserved 1048576K
}
Event: 24.742 GC heap after
{Heap after GC invocations=15 (full 0):
 garbage-first heap   total 69632K, used 34406K [0x0000000709600000, 0x0000000800000000)
  region size 2048K, 1 young (2048K), 1 survivors (2048K)
 Metaspace       used 59670K, committed 60288K, reserved 1114112K
  class space    used 7760K, committed 8000K, reserved 1048576K
}
Event: 26.539 GC heap before
{Heap before GC invocations=16 (full 0):
 garbage-first heap   total 69632K, used 58982K [0x0000000709600000, 0x0000000800000000)
  region size 2048K, 13 young (26624K), 1 survivors (2048K)
 Metaspace       used 64840K, committed 65472K, reserved 1114112K
  class space    used 8691K, committed 8960K, reserved 1048576K
}
Event: 26.544 GC heap after
{Heap after GC invocations=17 (full 0):
 garbage-first heap   total 69632K, used 35287K [0x0000000709600000, 0x0000000800000000)
  region size 2048K, 2 young (4096K), 2 survivors (4096K)
 Metaspace       used 64840K, committed 65472K, reserved 1114112K
  class space    used 8691K, committed 8960K, reserved 1048576K
}

