# JRE version: Java(TM) SE Runtime Environment (21.0.8+12) (build 21.0.8+12-LTS-250)
# Java VM: Java HotSpot(TM) 64-Bit Server VM (21.0.8+12-LTS-250, mixed mode, sharing, tiered, compressed oops, compressed class ptrs, g1 gc, windows-amd64)
GC Precious Log:
 CardTable entry size: 512
 Card Set container configuration: InlinePtr #cards 4 size 8 Array Of Cards #cards 16 size 48 Howl #buckets 8 coarsen threshold 3686 Howl Bitmap #cards 512 size 80 coarsen threshold 460 Card regions per heap region 1 cards per card region 4096
 CPUs: 8 total, 8 available
 Memory: 15781M
 Large Page Support: Disabled
 NUMA Support: Disabled
 Compressed Oops: Enabled (Zero based)
 Heap Region Size: 2M
 Heap Min Capacity: 8M
 Heap Initial Capacity: 248M
 Heap Max Capacity: 3946M
 Pre-touch: Disabled
 Parallel Workers: 8
 Concurrent Workers: 2
 Concurrent Refinement Workers: 8
 Periodic GC: Disabled
Heap:
 garbage-first heap   total 153600K, used 95116K [0x0000000709600000, 0x0000000800000000)
  region size 2048K, 25 young (51200K), 1 survivors (2048K)
 Metaspace       used 100291K, committed 100992K, reserved 1179648K
  class space    used 12188K, committed 12544K, reserved 1048576K
GC Heap History (20 events):
Event: 49428.730 GC heap before
{Heap before GC invocations=859 (full 0):
 garbage-first heap   total 112640K, used 49771K [0x0000000709600000, 0x0000000800000000)
  region size 2048K, 2 young (4096K), 1 survivors (2048K)
 Metaspace       used 100274K, committed 100992K, reserved 1179648K
  class space    used 12188K, committed 12544K, reserved 1048576K
}
Event: 49428.732 GC heap after
{Heap after GC invocations=860 (full 0):
 garbage-first heap   total 112640K, used 47734K [0x0000000709600000, 0x0000000800000000)
  region size 2048K, 1 young (2048K), 1 survivors (2048K)
 Metaspace       used 100274K, committed 100992K, reserved 1179648K
  class space    used 12188K, committed 12544K, reserved 1048576K
}
Event: 49429.179 GC heap before
{Heap before GC invocations=860 (full 0):
 garbage-first heap   total 112640K, used 49782K [0x0000000709600000, 0x0000000800000000)
  region size 2048K, 2 young (4096K), 1 survivors (2048K)
 Metaspace       used 100274K, committed 100992K, reserved 1179648K
  class space    used 12188K, committed 12544K, reserved 1048576K
}
Event: 49429.181 GC heap after
{Heap after GC invocations=861 (full 0):
 garbage-first heap   total 112640K, used 47750K [0x0000000709600000, 0x0000000800000000)
  region size 2048K, 1 young (2048K), 1 survivors (2048K)
 Metaspace       used 100274K, committed 100992K, reserved 1179648K
  class space    used 12188K, committed 12544K, reserved 1048576K
}
Event: 49430.931 GC heap before
{Heap before GC invocations=861 (full 0):
 garbage-first heap   total 112640K, used 55942K [0x0000000709600000, 0x0000000800000000)
  region size 2048K, 5 young (10240K), 1 survivors (2048K)
 Metaspace       used 100274K, committed 100992K, reserved 1179648K
  class space    used 12188K, committed 12544K, reserved 1048576K
}
Event: 49430.935 GC heap after
{Heap after GC invocations=862 (full 0):
 garbage-first heap   total 112640K, used 47732K [0x0000000709600000, 0x0000000800000000)
  region size 2048K, 1 young (2048K), 1 survivors (2048K)
 Metaspace       used 100274K, committed 100992K, reserved 1179648K
  class space    used 12188K, committed 12544K, reserved 1048576K
}
Event: 49437.233 GC heap before
{Heap before GC invocations=862 (full 0):
 garbage-first heap   total 112640K, used 76404K [0x0000000709600000, 0x0000000800000000)
  region size 2048K, 15 young (30720K), 1 survivors (2048K)
 Metaspace       used 100274K, committed 100992K, reserved 1179648K
  class space    used 12188K, committed 12544K, reserved 1048576K
}
Event: 49437.237 GC heap after
{Heap after GC invocations=863 (full 0):
 garbage-first heap   total 112640K, used 47748K [0x0000000709600000, 0x0000000800000000)
  region size 2048K, 1 young (2048K), 1 survivors (2048K)
 Metaspace       used 100274K, committed 100992K, reserved 1179648K
  class space    used 12188K, committed 12544K, reserved 1048576K
}
Event: 49455.084 GC heap before
{Heap before GC invocations=863 (full 0):
 garbage-first heap   total 112640K, used 96900K [0x0000000709600000, 0x0000000800000000)
  region size 2048K, 26 young (53248K), 1 survivors (2048K)
 Metaspace       used 100274K, committed 100992K, reserved 1179648K
  class space    used 12188K, committed 12544K, reserved 1048576K
}
Event: 49455.091 GC heap after
{Heap after GC invocations=864 (full 0):
 garbage-first heap   total 153600K, used 47739K [0x0000000709600000, 0x0000000800000000)
  region size 2048K, 1 young (2048K), 1 survivors (2048K)
 Metaspace       used 100274K, committed 100992K, reserved 1179648K
  class space    used 12188K, committed 12544K, reserved 1048576K
}
Event: 49499.516 GC heap before
{Heap before GC invocations=864 (full 0):
 garbage-first heap   total 153600K, used 137851K [0x0000000709600000, 0x0000000800000000)
  region size 2048K, 45 young (92160K), 1 survivors (2048K)
 Metaspace       used 100274K, committed 100992K, reserved 1179648K
  class space    used 12188K, committed 12544K, reserved 1048576K
}
Event: 49499.618 GC heap after
{Heap after GC invocations=865 (full 0):
 garbage-first heap   total 153600K, used 47873K [0x0000000709600000, 0x0000000800000000)
  region size 2048K, 1 young (2048K), 1 survivors (2048K)
 Metaspace       used 100274K, committed 100992K, reserved 1179648K
  class space    used 12188K, committed 12544K, reserved 1048576K
}
Event: 49532.601 GC heap before
{Heap before GC invocations=865 (full 0):
 garbage-first heap   total 153600K, used 137985K [0x0000000709600000, 0x0000000800000000)
  region size 2048K, 45 young (92160K), 1 survivors (2048K)
 Metaspace       used 100276K, committed 100992K, reserved 1179648K
  class space    used 12188K, committed 12544K, reserved 1048576K
}
Event: 49532.610 GC heap after
{Heap after GC invocations=866 (full 0):
 garbage-first heap   total 153600K, used 47988K [0x0000000709600000, 0x0000000800000000)
  region size 2048K, 1 young (2048K), 1 survivors (2048K)
 Metaspace       used 100276K, committed 100992K, reserved 1179648K
  class space    used 12188K, committed 12544K, reserved 1048576K
}
Event: 49574.191 GC heap before
{Heap before GC invocations=866 (full 0):
 garbage-first heap   total 153600K, used 138100K [0x0000000709600000, 0x0000000800000000)
  region size 2048K, 45 young (92160K), 1 survivors (2048K)
 Metaspace       used 100276K, committed 100992K, reserved 1179648K
  class space    used 12188K, committed 12544K, reserved 1048576K
}
Event: 49574.199 GC heap after
{Heap after GC invocations=867 (full 0):
 garbage-first heap   total 153600K, used 48006K [0x0000000709600000, 0x0000000800000000)
  region size 2048K, 1 young (2048K), 1 survivors (2048K)
 Metaspace       used 100276K, committed 100992K, reserved 1179648K
  class space    used 12188K, committed 12544K, reserved 1048576K
}
Event: 49632.528 GC heap before
{Heap before GC invocations=867 (full 0):
 garbage-first heap   total 153600K, used 138118K [0x0000000709600000, 0x0000000800000000)
  region size 2048K, 45 young (92160K), 1 survivors (2048K)
 Metaspace       used 100287K, committed 100992K, reserved 1179648K
  class space    used 12188K, committed 12544K, reserved 1048576K
}
Event: 49632.540 GC heap after
{Heap after GC invocations=868 (full 0):
 garbage-first heap   total 153600K, used 48009K [0x0000000709600000, 0x0000000800000000)
  region size 2048K, 1 young (2048K), 1 survivors (2048K)
 Metaspace       used 100287K, committed 100992K, reserved 1179648K
  class space    used 12188K, committed 12544K, reserved 1048576K
}
Event: 49671.440 GC heap before
{Heap before GC invocations=868 (full 0):
 garbage-first heap   total 153600K, used 138121K [0x0000000709600000, 0x0000000800000000)
  region size 2048K, 45 young (92160K), 1 survivors (2048K)
 Metaspace       used 100287K, committed 100992K, reserved 1179648K
  class space    used 12188K, committed 12544K, reserved 1048576K
}
Event: 49671.446 GC heap after
{Heap after GC invocations=869 (full 0):
 garbage-first heap   total 153600K, used 48012K [0x0000000709600000, 0x0000000800000000)
  region size 2048K, 1 young (2048K), 1 survivors (2048K)
 Metaspace       used 100287K, committed 100992K, reserved 1179648K
  class space    used 12188K, committed 12544K, reserved 1048576K
}

